<?xml version="1.0" encoding="UTF-8"?>
<testng-results ignored="0" total="1" passed="1" failed="0" skipped="0">
  <reporter-output>
  </reporter-output>
  <suite started-at="2023-04-15T10:43:47 IST" name="Surefire suite" finished-at="2023-04-15T10:43:47 IST" duration-ms="47">
    <groups>
    </groups>
    <test started-at="2023-04-15T10:43:47 IST" name="Surefire test" finished-at="2023-04-15T10:43:47 IST" duration-ms="47">
      <class name="com.testcases.SampleTest">
        <test-method signature="testCase()[pri:0, instance:com.testcases.SampleTest@60015ef5]" started-at="2023-04-15T10:43:47 IST" name="testCase" finished-at="2023-04-15T10:43:47 IST" duration-ms="0" status="PASS">
          <reporter-output>
          </reporter-output>
        </test-method> <!-- testCase -->
      </class> <!-- com.testcases.SampleTest -->
    </test> <!-- Surefire test -->
  </suite> <!-- Surefire suite -->
</testng-results>
